<?xml version="1.0" encoding="UTF-8"?>
<!-- Generated by org.testng.reporters.JUnitXMLReporter -->
<testsuite hostname="DESKTOP-SK32KMA" name="Default test" tests="5" failures="0" timestamp="1 Mar 2022 16:02:06 GMT" time="0.086" errors="0">
  <testcase name="Tc1" time="0.035" classname="org.tng.LearnTestNg"/>
  <testcase name="Tc2" time="0.0" classname="org.tng.LearnTestNg"/>
  <testcase name="Tc3" time="0.008" classname="org.tng.LearnTestNg"/>
  <testcase name="Tc4" time="0.0" classname="org.tng.LearnTestNg"/>
  <testcase name="Tc5" time="0.006" classname="org.tng.LearnTestNg"/>
</testsuite> <!-- Default test -->
